<?xml version="1.0" encoding="UTF-8"?>
<!-- Generated by org.testng.reporters.JUnitReportReporter -->
<testsuite skipped="0" hostname="DE772S4Y2" name="ForgetPwd" tests="1" failures="0" timestamp="2022-09-11T17:03:16 IST" time="7.258" errors="0">
  <testcase name="Tc_01" time="7.258" classname="ForgetPwd"/>
  <system-out/>
</testsuite> <!-- ForgetPwd -->
