<?xml version="1.0" encoding="UTF-8"?>
<!-- Generated by org.testng.reporters.JUnitReportReporter -->
<testsuite skipped="0" hostname="DE772S4Y2" name="AutomationProj" tests="1" failures="0" timestamp="2022-09-17T17:19:01 IST" time="6.381" errors="0">
  <testcase name="Tc_01" time="6.381" classname="AutomationProj"/>
  <system-out/>
</testsuite> <!-- AutomationProj -->
