<?xml version="1.0" encoding="UTF-8"?>
<!-- Generated by org.testng.reporters.JUnitReportReporter -->
<testsuite skipped="0" hostname="DE772S4Y2" name="CardScrapping" tests="1" failures="0" timestamp="2022-09-17T16:37:14 IST" time="5.796" errors="0">
  <testcase name="Tc_01" time="5.796" classname="CardScrapping"/>
  <system-out/>
</testsuite> <!-- CardScrapping -->
